2822
Internal error. Trying to destroy object that is already released to pool.
Coroutine container not configured... did you forget to call Init?
Random Insertion is semantically invalid, since this structure does not guarantee ordering.
Passed argument 'args' is invalid size. Expected size is 1
Nullable object must have a value.
collection
item
Collection was modified; enumeration operation may not execute.
not of type: 
KeyValuePairs
An element with the same key already exists in the dictionary.
Destination array cannot hold the requested elements!
index larger than largest valid index of array
this is a read-only collection
Current is not valid
out of sync
does not implement right interface
Enumeration already finished
Enumeration has not started. Call MoveNext
This collection is read-only.
Invalid type: {0} passed to event expecting {1}
results
Results array is null
Passed argument 'args[0]' is of the wrong type. Type:{0} Expected:{1}
Cannot copy source collection elements to destination array
Comparison threw an exception.
comparison
action
No IComparable or IComparable<{0}> interface found.
Type {0} expected {1} received.
EffectsSlider
_Luminance
_BlurDistance
_AxialAberration
_ChromaticAberration
_VignetteTex
_Blur
_Intensity
offsets
_Blurred
_BlurArea
_BlurSize
_SSAO
_TexelOffsetScale
_Params
_NoiseScale
_FarCorner
_RandomTexture
 is not part of the Unity 3.2+ effects suite anymore. For best performance and quality, please ensure you are using the latest Standard Assets Image Effects (Pro only) package.
 has been disabled as it's not supported on the current platform.
The image effect 
 should be overwritten.
CheckResources () for 
 is not supported on this platform!
 on effect 
The shader 
Missing shader in 
targetColor
selColor
_Saturation
_RgbDepthTex
_ZCurve
_RgbTex
_Bloom
_Parameter
There is already a virtual button named 
 registered.
There is already a virtual axis named 
 This is not possible to be called for standalone input. Please check your platform and code where this is called
_name
Walk
musicVol
sfxVol
whereisthelog?
Score: 
Fire1
Shootable
IsWalking
Floor
Die
GameOver
Spawn
Dead
PlayerDead
Player
/{0}.png
Mesh can not have more than 65000 vertices
Toggle {0} is not part of ToggleGroup {1}
UNITY_UI_ALPHACLIP
_UseAlphaClip
_StencilWriteMask
Stencil Id:{0}, Op:{1}, Comp:{2}, WriteMask:{3}, ReadMask:{4}, ColorMask:{5} AlphaClip:{6} ({7})
 doesn't have _ColorMask property
_ColorMask
 doesn't have _StencilWriteMask property
 doesn't have _StencilReadMask property
_StencilReadMask
 doesn't have _StencilComp property
_StencilComp
 doesn't have _StencilOp property
_StencilOp
 doesn't have _Stencil property
Material 
_Stencil
Attempting to use a stencil mask with depth > 8
(Layout Rebuilder for) 
!#$%&'*+-/=?^_`{|}~
 Input Caret
SelectAll
 Also make sure to disable sprite packing for this sprite.
Using clickAlphaThreshold lower than 1 on Image whose sprite texture cannot be read. 
Shared UI Mesh
Item 
Blocker
Dropdown List
The dropdown template is not valid. The Item Image must be on the item GameObject or children of it.
The dropdown template is not valid. The Item Text must be on the item GameObject or children of it.
The dropdown template is not valid. The child GameObject with a Toggle component (the item) must have a RectTransform on its parent.
The dropdown template is not valid. The template must have a child GameObject with a Toggle component serving as the item.
The dropdown template is not assigned. The template needs to be assigned and must have a child GameObject with a Toggle component serving as the item.
Scrollbar Vertical
Scrollbar Horizontal
Scroll View
Option C
Option B
Option A
Item Label
Item Checkmark
Item Background
Item
Content
Viewport
Template
Arrow
Dropdown
Enter text...
Placeholder
InputField
Label
Checkmark
Sliding Area
Scrollbar
Handle
Handle Slide Area
Fill
Fill Area
Background
RawImage
Image
New Text
Text
Button
Panel
Trying to remove {0} from rebuild list while we are already inside a rebuild loop. This is not supported.
Trying to add {0} for graphic rebuild while we are already inside a graphic rebuild loop. This is not supported.
Disabled
Pressed
Highlighted
Normal
Input: Touch
Input: Faked
Cancel
Submit
Vertical
Horizontal
sortingOrder: 
sortingLayer: 
module.renderOrderPriority: 
module.sortOrderPriority: 
screenPosition: 
worldPosition: 
worldNormal: 
depth: 
index: 
distance: 
module camera: 
module: 
<B>Pointer:</b> 
<b>Pointer Input Module of type: </b>
<b>Press Rayast:</b>
<b>Current Rayast:</b>
<b>Use Drag Threshold</b>: 
<b>pointerDrag</b>: 
<b>lastPointerPress</b>: 
<b>pointerPress</b>: 
<b>pointerEnter</b>: 
<b>eligibleForClick</b>: 
<b>delta</b>: 
<b>Position</b>: 
No module
<b>Selected:</b>
while already selecting an object.
Attempting to select 
renderOrderPriority: 
sortOrderPriority: 
eventCamera: 
Name: 
Invalid Vector4 index!
({0:F1}, {1:F1}, {2:F1})
Invalid Vector3 index!
({0:F1}, {1:F1})
Invalid Vector2 index!
A Unity Runtime error occurred!
Inner Exception: 
Unhandled Exception: 
Parent of RectTransform is being set with parent property. Consider using the SetParent method instead, with the worldPositionStays argument set to false. This will retain local orientation and scale rather than world orientation and scale, which can prevent common UI scaling issues.
BestFit is only supported for dynamic fonts.
Font size and style overrides are only supported for dynamic fonts.
UnityEngine.Assertions
Assert
DebugLogHandler
Logger
UnityEngine
Debug
 (at 
  in 
  in <filename unknown>:0
[0x
at 
at <0x00000> <unknown method>
(wrapper delegate-invoke)
(wrapper managed-to-native)
 (at
UnityEditor.EditorGUIUtility:RenderGameViewCameras
in (unmanaged)
Rethrow as 
ExtractStringFromExceptionInternal called with an exceptoin that was not of type System.Exception
ExtractStringFromExceptionInternal called with null exception
UnityEngine.SetupCoroutine
Boo.Lang.
UnityScript.Lang.
System.
UnityEngine.
UnityEditor.
Uninitialized
' Date: '
' PlayerID: '
' Category: '
' Value: '
Rank: '
' UserFilter: '
' TimeScope: '
' UserScope: '
' Scores: '
] MaxRange: '
' Range: [
' Loading: '
' Title: '
ID: '
Invalid
 - 
Index number out of bounds when setting user data
User number out of bounds when setting image
Invalid texture when setting user image
Must authenticate first
No achievements returned
No achivevement descriptions returned
Achievement description number out of bounds when setting image
returnValueAddress
Return value address cannot be 0.
OnMouseEnter
OnMouseExit
OnMouseOver
OnMouseDrag
OnMouseUp
OnMouseUpAsButton
OnMouseDown
Calling GetWorldCorners with an array that is null or has less than 4 elements.
Calling GetLocalCorners with an array that is null or has less than 4 elements.
RectOffset (l:{0} r:{1} t:{2} b:{3})
(x:{0:F2}, y:{1:F2}, width:{2:F2}, height:{3:F2})
Origin: {0}, Dir: {1}
({0:F1}, {1:F1}, {2:F1}, {3:F1})
The thing you want to instantiate is null.
Not yet implemented
No NetworkView is assigned to this NetworkMessageInfo object. Note that this is expected in OnNetworkInstantiate().
{0:F5}	{1:F5}	{2:F5}	{3:F5}{4:F5}	{5:F5}	{6:F5}	{7:F5}{8:F5}	{9:F5}	{10:F5}	{11:F5}{12:F5}	{13:F5}	{14:F5}	{15:F5}
Invalid matrix index!
_MainTex
{0}
Null
layerNames
You can only call GUI functions from inside OnGUI.
Unable to use a named GUIStyle without a current skin. Most likely you need to move your GUIStyle initialization code to OnGUI
GUIStyle '{0}'
Style.Draw may not be called with GUIContent that is null.
GUISkin is NULL
' 
' in skin '
Unable to find style '
scrollview
verticalscrollbardownbutton
verticalscrollbarupbutton
verticalscrollbarthumb
verticalscrollbar
horizontalscrollbarrightbutton
horizontalscrollbarleftbutton
horizontalscrollbarthumb
horizontalscrollbar
verticalsliderthumb
verticalslider
horizontalsliderthumb
horizontalslider
textarea
textfield
window
label
toggle
button
custom styles is null
}

 {
 Margins: 
, H: 
   -   W: 
NULL
{1}-{0} (x:{2}-{3}, y:{4}-{5})
scrollView
BeginGroup
Slider
ButtonGrid
Toggle
repeatButton
Box
).
 is greater than the number of available inputs (
inputIndex 
Index must be greater than 0
is null
Playable 
function
Event: {0}  "{1}"
Event: {0}   Position: {1} Modifiers: {2}
   KeyCode:
   Modifiers:
   Character:
Event:
Event:{0}   Character:\0   Modifiers:{1}   KeyCode:{2}
RGBA({0}, {1}, {2}, {3})
RGBA({0:F3}, {1:F3}, {2:F3}, {3:F3})
Center: {0}, Extents: {1}
AnimationEvent was not fired by Animator component, you shouldn't use AnimationEvent.animatorClipInfo
AnimationEvent was not fired by Animator component, you shouldn't use AnimationEvent.animatorStateInfo
AnimationEvent was not fired by Animation component, you shouldn't use AnimationEvent.animationState
predicate
certs
*.crl
*.cer
extension
serialNumber
x509
 [Non-matching signature algorithms in CRL]
Input data cannot be coded as a valid CRL.
crl
Unknown Asymmetric Algorithm 
aa
Unsupported hash algorithm: 
1.2.840.113549.1.1.13
1.2.840.113549.1.1.12
1.2.840.113549.1.1.11
1.2.840.10040.4.3
1.3.14.3.2.29
1.2.840.113549.1.1.5
1.2.840.113549.1.1.4
1.2.840.113549.1.1.3
1.2.840.113549.1.1.2
Invalid SubjectAltName extension
Object Signing CA
Object Signing
Invalid NetscapeCertType extension
Encipher Only 
CRL Signing
 , 
Invalid KeyUsage extension
IP Address=
URL=
Directory Address: 
 ({0}){1}
unknown
OCSP Signing
Time Stamping
Email Protection
Code Signing
Client Authentication
Server Authentication
1.3.6.1.5.5.7.3.9
1.3.6.1.5.5.7.3.8
1.3.6.1.5.5.7.3.4
1.3.6.1.5.5.7.3.3
1.3.6.1.5.5.7.3.2
Invalid ExtendedKeyUsage extension
Invalid BasicConstraints extension
KeyID=
Invalid AuthorityKeyIdentifier extension
Write operations are not allowed by this stream
Read operations are not allowed by this stream
8 bytes maximum
IV block
server write key
client write key
key expansion
master secret
The Stream is closed.
Couldn't complete EndWrite
asyncResult is null or was not obtained by calling BeginWrite.
Couldn't complete EndRead
asyncResult is null or was not obtained by calling BeginRead.
IO exception during Write.
IO exception during read.
count is less than the length of buffer minus the value of the offset parameter.
count is less than 0.
offset is greater than the length of buffer.
offset is less than 0.
buffer is a null reference.
stream is not both readable and writable.
stream is null.
The server stopped the handshake.
targetHost is null or an empty string.
CCC
BB
A
Specfied key is not an RSA key
The rgbHash parameter is a null reference.
The hash algorithm is a null reference.
The key is a null reference
RSA_EXPORT_WITH_RC2_CBC_40_MD5
RSA_EXPORT_WITH_RC4_40_MD5
RSA_WITH_RC4_128_MD5
Insuficient Security
TLS_
SSL_
Bad record MAC
Invalid protocol version on message received
Received 0 bytes from stream. It must be closed.
buffer underrun
Either the provided async result is null or was not created by this RecordProtocol.
Unknown record received from server.
The session is finished and it's no longer valid.
Data was not signed with the server certificate.
Invalid cipher suite received from server
server finished
Invalid ServerFinished message received.
CN\s*=\s*([^,]*)
Invalid certificate received from server.
Invalid certificate received from server. Error code: 
0x{0:x}
2.16.840.1.113730.4.1
client finished
Client certificate Private Key unavailable.
Incorrect protocol version received from server
Cache session information were disposed.
MONO_TLS_SESSION_CACHE_TIMEOUT
Unknown server handshake message received ({0})
Unknown client handshake message type: 
SSL_RSA_EXPORT_WITH_RC4_56_SHA
SSL_RSA_EXPORT_WITH_DES_CBC_56_SHA
SSL_RSA_EXPORT_WITH_RC2_CBC_56_MD5
SSL_RSA_EXPORT_WITH_RC4_56_MD5
SSL_RSA_EXPORT_WITH_DES40_CBC_SHA
SSL_RSA_EXPORT_WITH_RC2_CBC_40_MD5
SSL_RSA_EXPORT_WITH_RC4_40_MD5
SSL_RSA_WITH_DES_CBC_SHA
SSL_RSA_WITH_RC4_128_MD5
SSL_RSA_WITH_RC4_128_SHA
SSL_RSA_WITH_3DES_EDE_CBC_SHA
SSL_RSA_WITH_AES_256_CBC_SHA
TLS_RSA_EXPORT_WITH_RC4_56_SHA
TLS_RSA_EXPORT_WITH_DES_CBC_56_SHA
TLS_RSA_EXPORT_WITH_RC2_CBC_56_MD5
TLS_RSA_EXPORT_WITH_RC4_56_MD5
TLS_RSA_EXPORT_WITH_DES40_CBC_SHA
TLS_RSA_EXPORT_WITH_RC2_CBC_40_MD5
TLS_RSA_EXPORT_WITH_RC4_40_MD5
TLS_RSA_WITH_DES_CBC_SHA
TLS_RSA_WITH_RC4_128_MD5
TLS_RSA_WITH_RC4_128_SHA
TLS_RSA_WITH_3DES_EDE_CBC_SHA
TLS_RSA_WITH_AES_128_CBC_SHA
TLS_RSA_WITH_AES_256_CBC_SHA
Unsupported security protocol type
Unsupported security protocol type.
The authentication or decryption has failed.
MD5SHA1
MD4
Cannot change key during hash operation.
ldap
The argument Uri's scheme does not match
^(([^@]+)@)?(.*?)(:([0-9]+))?$
^(([^:/?#]+):)?(//([^/?#]*))?([^?#]*)(\?([^#]*))?(#(.*))?
Invalid URI format
This operation is not supported for a relative URI.
Invalid URI: The hostname could not be parsed. (
Invalid URI: The hostname could not be parsed
//
Invalid URI: Invalid port number
Absolute URI when we expected a relative one
Invalid URI: The Authority/Host could not be parsed.
URI scheme must start with a letter and must consist of one of alphabet, digits, '+', '-' or '.' character.
URI scheme must start with a letter.
Invalid URI: The format of the URI could not be determined.
Absolute URI is too short
uriString
Relative file path is not allowed.
\
%3F
%25
%23
;/?:@&=+$,
<>%"{}|\^`
character
digit
net.tcp
net.pipe
nntp
news
mailto
gopher
0123456789ABCDEF
Invalid URI: The format of the URI could not be determined: 
AbsoluteUri
" - 
parsing "
name 
number 
Reference to undefined group 
Unrecognized control character.
Insufficient hex digits
Parsing "{0}" - Illegal \ at end of pattern.
Malformed \k<...> named backreference.
Unknown property '
Incomplete \p{X} character escape.
Illegal {x, y} with x > y.
Illegal {x, y} - maximum of 2147483647.
Unterminated [] set.
] range in reverse order.
character range cannot have category \
Bad grouping construct.
Unterminated (?#...) comment.
Bad conditional.
Bad balancing group name.
Bad group name.
Bad options
Not enough )'s.
Too many )'s.
Bad quantifier.
Too many | in (?()|).
invalid state
Unexpected end of pattern.
Shouldn't happen
overlapping?
startat
input
'Current' called after 'MoveNext()' returned false
MatchCollection in invalid state
'Current' called before 'MoveNext()'
too many matches
i
can only truncate the stack
])
', [
('
Is
Scan method must be implemented in derived classes
algorithm
subjectKeyIdentifier
Store {0} doesn't exists.
Trust
Root
Invalid store name (null or empty).
storeLocation
storeName
Decipher Only
Encipher Only
Off-line CRL Signing, CRL Signing
Certificate Signing
Key Agreement
Data Encipherment
Key Encipherment
Non-Repudiation
Digital Signature
index >= array.Length
Expected a X509Extension instance.
Unknown Key Usage (
Server Authentication (
1.3.6.1.5.5.7.3.1
Invalid ASN.1 Tag
encodedData
2.5.29.21
2.5.29.20
Invalid revocation mode.
X02
2.5.29.35
Invalid find type '{0}'.
X509DateTime
Invalid OID value '{0}'.
X509KeyUsageFlags
string
Invalid find value type '{0}', expected '{1}'.
findValue
certificate
index >= Count
negative index
{0}  Parameters: 
{0}  Length: {1}{0}  Key Blob: 
[Public Key]{0}  Algorithm: 
[Signature Algorithm]{0}  {1}({2}){0}{0}
[Thumbprint]{0}  {1}{0}{0}
[Serial Number]{0}  {1}{0}{0}
[Version]{0}  V{1}{0}{0}
System.Security.Cryptography.X509Certificates.X509Certificate2
nameType
Unable to decode public key.
None
Path Length Constraint=
End Entity
CA
Subject Type=
Unknown Key Usage ({0})
Wrong type.
Badly encoded extension.
pathLengthConstraint
; 
encodedDistinguishedName
Missing RSA public exponent.
Missing RSA modulus.
Missing RSA modulus and exponent.
Error decoding the ASN.1 structure.
Invalid DSA parameters.
Missing DSA parameters.
Missing DSA Y integer.
Cannot decode public key from unknown OID '{0}'.
1.2.840.10040.4.1
sha1
md5
Netscape Cert Type
Subject Alternative Name
Subject Key Identifier
Enhanced Key Usage
Key Usage
Basic Constraints
3des
Signing Time
Message Digest
Content Type
PKCS 7 Data
1.2.840.113549.1.9.5
1.2.840.113549.1.9.4
1.2.840.113549.1.9.3
1.2.840.113549.1.1.1
 ({0})
Signature CA
SMIME CA
SSL CA
Unknown cert type
SMIME
SSL Server Authentication
SSL Client Authentication
Unknown ({0})=
DNS Name=
RFC822 Name=
Information Not Available
2.16.840.1.113730.1.1
2.5.29.17
asnEncodedData
This method must be implemented in derived classes
System.Net.
FtpRequestCreator
ftp
FileWebRequestCreator
file
HttpRequestCreator
loopback
localhost
_UseDefaultCredentials
_BypassList
_BypassOnLocal
_ProxyAddress

Invalid character in header
empty string
headerValue
invalid header value: 
headerName
invalid header name: 
This header must be modified with the appropiate property.
set-cookie2
set-cookie
www-authenticate
warning
via
vary
upgrade
public
proxy-authenticate
if-none-match
if-match
content-language
content-encoding
cache-control
authorization
allow
accept-ranges
accept-language
accept-encoding
accept-charset
WWW-Authenticate
Transfer-Encoding
Content-Length
proxy-connection
user-agent
transfer-encoding
referer
range
if-modified-since
host
expect
date
content-type
content-length
connection
accept
v
k
maximum number of service points reached
://
Proxy scheme not supported.
http
https
address
{0:X4}
{0:X4}:
{0:x}
ffff:
Not a valid IPv6 address
prefixLength
addr
The attempted operation is not supported for the type of object referenced
ipString
An invalid IP address was specified.
::1
127.0.0.1
255.255.255.255
redirects
sendChunked
pipelined
initialMethod
mediaType
maxAutoRedirect
keepAlive
webHeaders
connectionGroup
certificates
allowBuffering
allowAutoRedirect
actualUri
requestUri
SSL authentication error: 
STOU
STOR
SIZE
RMD
RENAME
PWD
NLST
MKD
MDTM
LIST
DELE
APPE
RETR
preauthenticate
fileAccess
timeout
contentLength
connectionGroupName
proxy
headers
GET
Not enough room from arrayIndex to end of array for this KeysCollection
values is null
keys is null
The comparer is null
Count
ReadOnly
HashProvider
Enumerator is positioned before the collection's first element or after the last element.
The ListDictionary's contents changed after this enumerator was instantiated.
Duplicate key in add.
Not enough room in the array
index is too large
Array cannot be null.
Attempted lookup for a null key.
TrackedObject
TrackResurrection
Argument to Version.CompareTo must be a Version.
revision
build
minor
major
There must be 2, 3 or 4 components in the version string.
UnitySerializationHolder does not support this type.
UnityType
Access to the requested resource is not authorized.
pointer
This isn't a 64bits machine.
Value is not a System.UInt64.
Negative number
Value is not a System.UInt32.
Value is not a System.UInt16.
TypeLoadResourceID
TypeLoadMessageArg
Could not load type '{0}'.
Could not load type '{0}' from assembly '{1}'.
TypeLoadAssemblyName
TypeLoadClassName
A type load exception has occurred.
This operation is not supported for this type.
The type or method has {0} generic parameter(s) but {1} generic argument(s) where provided. A generic argument must be provided for each generic parameter.
typeArguments
not a generic type definition
Derived classes must provide an implementation.
types
Error loading '
TypeName
daylightTimes
D7
D2
This TimeSpan value is MinValue and cannot be negated.
Outside range [MinValue,MaxValue]
Value cannot be NaN.
This TimeSpan value is MinValue so you cannot get the duration.
Argument has to be a TimeSpan.
Resulting timespan is too big.
The timespan is too big or too small.
Timer-Scheduler
period
dueTime
Period too large
Due time too large
Thread State Error
callBack
Thread interrupted
Thread was being aborted
Thread creation failed.
Null ThreadStart
Synchronization Error
Mutex is not owned
timeout out of range
millisecondsTimeout
Object is not synchronized
Insufficient Space
Unicode (UTF-8)
utf-8
Arg_InvalidUTF7
ABCDEFGHIJKLMNOPQRSTUVWXYZabcdefghijklmnopqrstuvwxyz0123456789+/
Unicode (UTF-7)
utf-7
UTF-32
utf-32
UTF-32 (Big-Endian)
utf-32BE
Unicode
utf-16
Unicode (Big-Endian)
unicodeFFFE
capacity was less than the current size.
size
The old value cannot be zero length.
The old value cannot be null.
Should be less than or equal to MaxCapacity
Capacity must be larger than length
m_currentThread
m_MaxCapacity
m_StringValue
StartIndex and length must refer to a location within the string.
Capacity exceeds maximum capacity.
maxCapacity is less than one.
maxCapacity
capacity must be greater than zero.
Length cannot be less than zero.
StartIndex cannot be less than zero.
byteCount is less that the number of bytes produced
Encoding name '{0}' not supported
System.Text.ENC
CodePage {0} not supported
System.Text.CP
GetEncoding
Valid values are between 0 and 65535, inclusive.
codepage
PrimaryManager
I18N.Common.Manager
I18N, Version=2.0.5.0, Culture=neutral, PublicKeyToken=0738eb9f132ed756
This Encoding is readonly.
latin1
iso_8859_1
UTF_32BE
ucs_4
UTF_32LE
utf_32
utf_16be
unicodefffe
iso_10646_ucs2
unicode
ucs_2
UTF_16LE
utf_16
x_unicode_2_0_utf_8
x_unicode_1_1_utf_8
unicode_2_0_utf_8
unicode_1_1_utf_8
utf_8
x_unicode_2_0_utf_7
x_unicode_1_1_utf_7
unicode_2_0_utf_7
unicode_1_1_utf_7
csunicode11utf7
utf_7
iso_646.irv:1991
iso646_us
iso_ir_6
ibm367
csascii
cp367
ansi_x3.4_1986
ansi_x3.4_1968
us
us_ascii
ascii
Reentrant Fallback method invocation occured. It might be because either this FallbackBuffer is incorrectly shared by multiple threads, invoked inside Encoding recursively, or Reset invocation is forgotten.
bytesUnknown
fallback
�
bytecount is less than the number of bytes required
ArgRange_NonNegative
byteCount
ArgRange_StringRange
ArgRange_StringIndex
Arg_InsufficientSpace
byteIndex
charCount
charIndex
bytes
ArgRange_Array
chars
US-ASCII
us-ascii
A system exception has occurred.
Value, startIndex and length do not refer to a valid string.
Value does not refer to a valid string.
ptr
newLength as to be <= length
newLength
idx
startIndex + count > value.length
Cannot be negative and must be less than or equal to length of string.
Input string was not in a correct format.
Index (zero based) must be greater than or equal to zero and less than the size of the argument list.
args
oldValue is the empty string.
oldValue
totalWidth
startIndex - count + 1 < 0
< 0 || > this.Length
< 0 || >= this.Length
Cannot be negative, and should be less than length of string.
Cannot be negative, and should point to location in string.
Cannot be negative, and should not exceed length of string.
startIndex + count > this.length
Cannot be negative and must be< 0
startIndex > this.length
comparisonType
Invalid value '{0}' for StringComparison
Count cannot be negative, and startIndex + count must be less than length of the string.
startIndex + length > this.length
Cannot exceed length of string.
Illegal enum value: 
Count cannot be less than zero.
Must be greater than the length of the string.
destinationIndex + count > destination.Length
sourceIndex + count > Length
Cannot be negative.
Cannot be negative
destination

Value is not a System.Single.
Unknown metadata format.
Invalid metadata format.
	PermitOnly: {0}{1}
	Deny: {0}{1}
	Assert: {0}{1}
	Assembly: {0}{1}
	AppDomain: {0}{1}
Frame: {0}{1}
{0}	{1}
{0}Evidences:
{0}Failed Permission: {1}
{0}Demanded: {1}
{0}Refused: {1}
{0}Granted: {1}
{0}State: {1}
{0}Method: {1} {2}.{3}
{0}Type: {1}
PermissionState
A security error has been detected.
Invalid XML attribute value
Invalid XML attribute name
/>
="
&
&amp;
&apos;
&quot;
&gt;
&lt;
child
Duplicate attribute : 
Invalid XML string
tag
m_isAuthenticated
m_acctType
m_type
Token doesn't match a user.
Token-Name mismatch.
m_name
m_userToken
No assembly data.
Flags
Unrestricted
SecurityPermissionFlag
Invalid flags {0}
Unable to decode certificate.
[Thumbprint]{0}  {1}{0}
[Not After]{0}  {1}{0}{0}
[Not Before]{0}  {1}{0}{0}
[Issuer]{0}  {1}{0}{0}
[Subject]{0}  {1}{0}{0}
Certificate instance is empty.
RawData
This is a known weak key.
Invalid input length
TransformFinalBlock
TransformBlock
Padding mode not available
Cipher mode not available
Key size not supported by algorithm
IV length is different than block size
IV
block size not supported by algorithm
No key pair available.
Missing hash algorithm.
No public key available.
System.Security.Cryptography.RSAPKCS1SignatureFormatter
System.Security.Cryptography.RSAPKCS1SignatureDeformatter
No RSA key specified
rgbData
cannot export private key
Incomplete private key - missing CRT.
Missing some CRT parameters for the private key.
Missing D parameter for the private key.
Couldn't decode XML
Modulus
Exponent
InverseQ
DQ
DP
data
Couldn't access random source.
Key is too small ({0} bytes), it should be {1}, {2} or {3} bytes long.
IV length is invalid ({0} bytes), it should be {1} bytes long.
key is null
Key is too small ({0} bytes), it should be between {1} and {2} bytes long.
Key can't be changed at this state.
legacyHMACMode
HMAC
inputOffset + inputCount
outputOffset + inputCount
No hash value computed.
offset + count
HashAlgorithm
System.Security.Cryptography.DSASignatureFormatter
System.Security.Cryptography.DSASignatureDeformatter
missing key
DSA requires SHA1
strName
Cannot export private key
</DSAKeyValue>
</X>
<X>
</PgenCounter>
AA==
<PgenCounter>
</Seed>
<Seed>
</J>
<J>
</Y>
<Y>
</G>
<G>
<DSAKeyValue>
PgenCounter
Seed
X
Y
J
Q
P
xmlString
This is a known weak, or semi-weak, key.
Semi Weak Key
Weak Key
Key
Wrong Key Length
Null Key
Unexpected error occured during a cryptographic operation.
Error occured during a cryptographic operation.
Part of OID doesn't fit in Int32
OID > 127 bytes
Invalid OID
OID must have at least two parts
1.2.840.113549.3.2
1.2.840.113549.3.7
1.3.14.3.2.7
1.2.840.113549.1.9.16.3.6
TripleDESKeyWrap
2.16.840.1.101.3.4.2.3
2.16.840.1.101.3.4.2.2
2.16.840.1.101.3.4.2.1
1.2.840.113549.2.5
System.Security.Cryptography.SHA1Managed
System.Security.Cryptography.X509Certificates.X509Chain, System, Version=2.0.5.0, Culture=neutral, PublicKeyToken=b77a5c561934e089
X509Chain
System.Security.Cryptography.X509Certificates.X509EnhancedKeyUsageExtension, System, Version=2.0.5.0, Culture=neutral, PublicKeyToken=b77a5c561934e089
2.5.29.37
System.Security.Cryptography.X509Certificates.X509BasicConstraintsExtension, System, Version=2.0.5.0, Culture=neutral, PublicKeyToken=b77a5c561934e089
2.5.29.19
System.Security.Cryptography.X509Certificates.X509KeyUsageExtension, System, Version=2.0.5.0, Culture=neutral, PublicKeyToken=b77a5c561934e089
2.5.29.15
System.Security.Cryptography.X509Certificates.X509SubjectKeyIdentifierExtension, System, Version=2.0.5.0, Culture=neutral, PublicKeyToken=b77a5c561934e089
2.5.29.14
System.Security.Cryptography.Xml.KeyInfoRetrievalMethod, System.Security, Version=2.0.5.0, Culture=neutral, PublicKeyToken=b03f5f7f11d50a3a
http://www.w3.org/2000/09/xmldsig# RetrievalMethod
System.Security.Cryptography.Xml.RSAKeyValue, System.Security, Version=2.0.5.0, Culture=neutral, PublicKeyToken=b03f5f7f11d50a3a
http://www.w3.org/2000/09/xmldsig# KeyValue/RSAKeyValue
System.Security.Cryptography.Xml.DSAKeyValue, System.Security, Version=2.0.5.0, Culture=neutral, PublicKeyToken=b03f5f7f11d50a3a
http://www.w3.org/2000/09/xmldsig# KeyValue/DSAKeyValue
System.Security.Cryptography.Xml.KeyInfoName, System.Security, Version=2.0.5.0, Culture=neutral, PublicKeyToken=b03f5f7f11d50a3a
http://www.w3.org/2000/09/xmldsig# KeyName
System.Security.Cryptography.Xml.KeyInfoX509Data, System.Security, Version=2.0.5.0, Culture=neutral, PublicKeyToken=b03f5f7f11d50a3a
http://www.w3.org/2000/09/xmldsig# X509Data
http://www.w3.org/2001/04/xmldsig-more#hmac-ripemd160
http://www.w3.org/2001/04/xmldsig-more#hmac-sha512
http://www.w3.org/2001/04/xmldsig-more#hmac-sha384
http://www.w3.org/2001/04/xmldsig-more#hmac-sha256
http://www.w3.org/2001/04/xmlenc#sha512
http://www.w3.org/2001/04/xmlenc#sha256
System.Security.Cryptography.Xml.XmlDecryptionTransform, System.Security, Version=2.0.5.0, Culture=neutral, PublicKeyToken=b03f5f7f11d50a3a
http://www.w3.org/2002/07/decrypt#XML
System.Security.Cryptography.Xml.XmlDsigExcC14NWithCommentsTransform, System.Security, Version=2.0.5.0, Culture=neutral, PublicKeyToken=b03f5f7f11d50a3a
http://www.w3.org/2001/10/xml-exc-c14n#WithComments
System.Security.Cryptography.Xml.XmlDsigExcC14NTransform, System.Security, Version=2.0.5.0, Culture=neutral, PublicKeyToken=b03f5f7f11d50a3a
http://www.w3.org/2001/10/xml-exc-c14n#
System.Security.Cryptography.Xml.XmlDsigEnvelopedSignatureTransform, System.Security, Version=2.0.5.0, Culture=neutral, PublicKeyToken=b03f5f7f11d50a3a
http://www.w3.org/2000/09/xmldsig#enveloped-signature
System.Security.Cryptography.Xml.XmlDsigXsltTransform, System.Security, Version=2.0.5.0, Culture=neutral, PublicKeyToken=b03f5f7f11d50a3a
http://www.w3.org/TR/1999/REC-xslt-19991116
System.Security.Cryptography.Xml.XmlDsigXPathTransform, System.Security, Version=2.0.5.0, Culture=neutral, PublicKeyToken=b03f5f7f11d50a3a
http://www.w3.org/TR/1999/REC-xpath-19991116
System.Security.Cryptography.Xml.XmlDsigBase64Transform, System.Security, Version=2.0.5.0, Culture=neutral, PublicKeyToken=b03f5f7f11d50a3a
http://www.w3.org/2000/09/xmldsig#base64
System.Security.Cryptography.Xml.XmlDsigC14NWithCommentsTransform, System.Security, Version=2.0.5.0, Culture=neutral, PublicKeyToken=b03f5f7f11d50a3a
http://www.w3.org/TR/2001/REC-xml-c14n-20010315#WithComments
System.Security.Cryptography.Xml.XmlDsigC14NTransform, System.Security, Version=2.0.5.0, Culture=neutral, PublicKeyToken=b03f5f7f11d50a3a
http://www.w3.org/TR/2001/REC-xml-c14n-20010315
http://www.w3.org/2000/09/xmldsig#sha1
System.Security.Cryptography.RSAPKCS1SHA1SignatureDescription
http://www.w3.org/2000/09/xmldsig#rsa-sha1
System.Security.Cryptography.DSASignatureDescription
http://www.w3.org/2000/09/xmldsig#dsa-sha1
System.Security.Cryptography.HMACSHA512
HMACSHA512
System.Security.Cryptography.HMACSHA384
HMACSHA384
System.Security.Cryptography.HMACSHA256
HMACSHA256
System.Security.Cryptography.HMACRIPEMD160
HMACRIPEMD160
System.Security.Cryptography.HMACMD5
HMACMD5
System.Security.Cryptography.HMAC
System.Security.Cryptography.RIPEMD160
RIPEMD-160
System.Security.Cryptography.RIPEMD160Managed
RIPEMD160
System.Security.Cryptography.MACTripleDES
MACTripleDES
HMACSHA1
System.Security.Cryptography.HMACSHA1
System.Security.Cryptography.KeyedHashAlgorithm
System.Security.Cryptography.RandomNumberGenerator
System.Security.Cryptography.RNGCryptoServiceProvider
RandomNumberGenerator
System.Security.Cryptography.SymmetricAlgorithm
System.Security.Cryptography.Rijndael
System.Security.Cryptography.RijndaelManaged
Rijndael
System.Security.Cryptography.RC2
System.Security.Cryptography.RC2CryptoServiceProvider
System.Security.Cryptography.TripleDES
Triple DES
System.Security.Cryptography.TripleDESCryptoServiceProvider
3DES
System.Security.Cryptography.DES
System.Security.Cryptography.DESCryptoServiceProvider
System.Security.Cryptography.DSA
System.Security.Cryptography.DSACryptoServiceProvider
DSA
System.Security.Cryptography.AsymmetricAlgorithm
System.Security.Cryptography.RSA
System.Security.Cryptography.RSACryptoServiceProvider
RSA
System.Security.Cryptography.SHA512
SHA-512
System.Security.Cryptography.SHA512Managed
SHA512
System.Security.Cryptography.SHA384
SHA-384
System.Security.Cryptography.SHA384Managed
SHA384
System.Security.Cryptography.SHA256
SHA-256
System.Security.Cryptography.SHA256Managed
SHA256
System.Security.Cryptography.MD5
System.Security.Cryptography.MD5CryptoServiceProvider
System.Security.Cryptography.HashAlgorithm
System.Security.Cryptography.SHA1
System.Security.Cryptography.SHA1CryptoServiceProvider
SHA
</
>
<
Key size not supported by algorithm.
Invalid permission type '{0}', expected type '{1}'.
class
IPermission
Value is not a System.SByte.
TypeObj
MethodObj
Object fields may not be properly initialized
Insufficient state.
FieldObj
type is null.
 could be found.
No element named 
name is null.
Value has been serialized already.
type is null
name is null
converter
Null argument
An error occurred during (de)serialization
Type '{0}' has more than one method with the following attribute: '{1}'.
The implementation of the IObjectReference interface returns too many nested references to other objects that implement IObjectReference.
No surrogate selector was found for type 
 was not found.
The constructor to deserialize an object of type 
Cannot perform fixup
The obj parameter is null.
 has already been registered
An object with Id 
member
memberName
The objectToBeFixed parameter is less than or equal to zero
objectToBeFixed
The objectRequired parameter is less than or equal to zero
objectRequired
The arrayToBeFixed parameter is less than or equal to zero
arrayToBeFixed
The objectID parameter is less than or equal to zero
objectID
 has not been registered
The object with Id 
 could not be resolved
The object with ID 
There are some fixups that refer to objects that have not been registered
Uninitialized Strings cannot be created.
Unknow type tag
[]
Could not find type '{0}'.
System.RuntimeType[]
System.RuntimeType
Couldn't find type '
" not found in class 
Field "
Serializable objects must be marked with the Serializable attribute
Unsupported primitive type: 
Invalid binary format
Unexpected binary element: 
Invalid format. Expected BinaryElement.MethodResponse, found 
Invalid format
Invalid format. Expected BinaryElement.MethodCall, found 
serializationStream supports seeking, but its length is 0
serializationStream
no
MONO_REFLECTION_SERIALIZER
value is null.
 was included in a fixup, but it has not been registered
An object with ID 
%3D
%20
%2C
http://schemas.microsoft.com/clr/nsassem/
http://schemas.microsoft.com/clr/ns/
http://schemas.microsoft.com/clr/assem/
Uri already in use: 
Cannot create channel sink to connect to the remote object. An appropriate channel has probably not been registered.
Cannot create channel sink to connect to URL {0}. An appropriate channel has probably not been registered.
Cannot get the real proxy from an object that is not a transparent proxy.
FieldGetter
FieldSetter
RemoteActivationService.rem
Invalid custom error mode: 
remoteonly
off
on
mode attribute is required
Provider template '
Channel template '
' which is already redirected.
Attempt to redirect activation of type '
GetHashCode
GetType
stub is not used in Mono
object must be MarshalByRef
objrefFlags
fIsMarshalled
envoyInfo
channelInfo
typeInfo
uri
return
Response
Do not use RemotingSurrogateSelector when deserializating
The enumerator is positioned before the first element of the collection or after the last element
__Return
__OutArgs
]]
The remoting infrastructure does not support open generic methods.
 not found in 
Method 
' to server type '
Cannot cast from client type '
. No receiver for uri 
Requested service not found
__GenericArguments
__RemotingData
key was invalid
__CallContext
__Args
__MethodSignature
__TypeName
__MethodName
__Uri
__ActivationTypeName
__ContextProperties
__ActivationType
__CallSiteActivationAttributes
__Activator
flag
Synchronization
 was not found
A property with the name 
Another property by this name already exists
ctx
ctorMsg
A context property did not approve the candidate context for activating the object
ContextID: 
Context is Frozen
Can not add properties to default context
IContextProperty
Either obj or ctx must be null
 attribute is required
Either type or assembly attributes must be specified
Type and assembly attributes cannot be specified together
assembly
xml
clr
wellknown object mode '
Singleton
SingleCall
objectUri
url attribute is required in client element when it contains activated entries
root
id attribute is required
id
delayLoadAsClientChannel
ref
Invalid time unit: 
MS
M
H
D
Invalid time value: 
S
Invalid time value
Invalid attribute: 
leaseManagerPollTime
renewOnCallTime
sponsorshipTimeout
leaseTime
' is not valid in system.remoting.configuration section
Element '
url
channelSinkProviders/clientProviders
channelSinkProviders/serverProviders
channels/channel/clientProviders
application/channels/channel/clientProviders
channels/channel/serverProviders
application/channels/channel/serverProviders
system.runtime.remoting
customErrors
channelSinkProviders
debug
preLoad
interopXmlElement
interopXmlType
soapInterop
activated
wellknown
service
client
formatter
provider
clientProviders
serverProviders
channel
channels
lifetime
application
Error in element 
/configuration/system.runtime.remoting
 not allowed in this context
Element 
ProcessMessageInDomain
Can't create a named channel via crossappdomain
MONOCAD
' could not be created: 
An instance of provider '
true
 does not have a valid constructor
 is not a valid channel type
' not found
Type '
 already registered
Channel 
Channel {0} is not securable while ensureSecurity is specified as true
chnl
Novell.Zenworks.Zmd.Public.UnixChannel
Novell.Zenworks.Zmd.Public.UnixServerChannel
__CrossContext
Activation attribute does not implement the IContextAttribute interface
Type not found: 
Unsupported MarshalAsAttribute found
Handle is not allocated
External exception
{0} (0x{1:x}): {2} {3}{4}{5}
ResourceSet is closed.
Enumeration has not started. Call MoveNext.
ResourceReader is closed.
Deserialized object is wrong type
Stream is not a valid .resources file!  It was possibly truncated.
Malformed .resources file (padding values incorrect)
PAD
This .resources file requires unsupported set class version: 
This .resources file requires set class 
System.Resources.RuntimeResourceSet
This .resources file requires reader class 
System.Resources.ResourceReader
Stream is not a valid .resources file, magic=0x{0:x}
Stream was not readable.
culture is null
Number of parameter does not match expected count.
Exception has been thrown by the target of an invocation.
Unable to invoke an invalid target.
_keyPairArray
_keyPairExported
_keyPairContainer
_publicKey
Pointer deserializatioon not supported.
Set Method not found for '
'
Get Method not found for '
GetterAdapterFrame
StaticGetterAdapterFrame
The method has {0} generic parameter(s) but {1} generic argument(s) were provided.
methodInstantiation
...
Late bound operations cannot be performed on types or methods for which ContainsGenericParameters is true.
Late bound operations cannot be performed on fields with types for which Type.ContainsGenericParameters is true.
val
 cannot be converted to target type: 
Object type 
Cannot set a constant field
{0} {1}
Non-static field requires a target
, ...
Void 
Cannot create an instance of {0} because it is an abstract class
 because Type.ContainsGenericParameters is true.
Cannot create an instance of 
failed to convert parameters
parameters do not match signature
*
Method is not a builder method
Cannot resolve method because it's declared in a generic class.
Unhandled MemberType {0}
Could not find event '{0}' in type '{1}'
Could not find property '{0}' in type '{1}'
Could not find field '{0}' in type '{1}'
Could not find method '{0}' in type '{1}'
Could not find constructor '{0}' in type '{1}'
GenericArguments
MemberType
Signature
Name
AssemblyName
This method should not be called
The handle is invalid.
Type is not generic
Unable to change after type has been created.
Interface must be declared abstract.
Type is concrete but has abstract method 
' because it is an enum with methods.
' because the parent type is sealed.
' from assembly '
Could not load type '
<Module>
Parent does not have a default constructor. The default constructor must be explicitly defined.
Enumeration type is not defined.
readonly.
refanytype
sizeof
rethrow
initblk
cpblk
constrained.
initobj
tail.
volatile.
unaligned.
endfilter
localloc
stloc
ldloca
ldloc
starg
ldarga
ldarg
ldvirtftn
ldftn
clt.un
clt
cgt.un
cgt
ceq
arglist
prefixref
prefix1
prefix2
prefix3
prefix4
prefix5
prefix6
prefix7
conv.u
stind.i
leave.s
leave
endfinally
sub.ovf.un
sub.ovf
mul.ovf.un
mul.ovf
add.ovf.un
add.ovf
conv.ovf.u
conv.ovf.i
conv.i
conv.u1
conv.u2
ldtoken
mkrefany
ckfinite
refanyval
conv.ovf.u8
conv.ovf.i8
conv.ovf.u4
conv.ovf.i4
conv.ovf.u2
conv.ovf.i2
conv.ovf.u1
conv.ovf.i1
unbox.any
stelem
ldelem
stelem.ref
stelem.r8
stelem.r4
stelem.i8
stelem.i4
stelem.i2
stelem.i1
stelem.i
ldelem.ref
ldelem.r8
ldelem.r4
ldelem.i
ldelem.i8
ldelem.u4
ldelem.i4
ldelem.u2
ldelem.i2
ldelem.u1
ldelem.i1
ldelema
ldlen
newarr
box
conv.ovf.u.un
conv.ovf.i.un
conv.ovf.u8.un
conv.ovf.u4.un
conv.ovf.u2.un
conv.ovf.u1.un
conv.ovf.i8.un
conv.ovf.i4.un
conv.ovf.i2.un
conv.ovf.i1.un
stobj
stsfld
ldsflda
ldsfld
stfld
ldflda
ldfld
throw
unbox
conv.r.un
isinst
castclass
newobj
ldstr
ldobj
cpobj
callvirt
conv.u8
conv.u4
conv.r8
conv.r4
conv.i8
conv.i4
conv.i2
conv.i1
not
neg
shr.un
shr
shl
xor
or
and
rem.un
rem
div.un
div
mul
sub
add
stind.r8
stind.r4
stind.i8
stind.i4
stind.i2
stind.i1
stind.ref
ldind.ref
ldind.r8
ldind.r4
ldind.i
ldind.i8
ldind.u4
ldind.i4
ldind.u2
ldind.i2
ldind.u1
ldind.i1
switch
blt.un
ble.un
bgt.un
bge.un
bne.un
blt
ble
bgt
bge
beq
brtrue
brfalse
br
blt.un.s
ble.un.s
bgt.un.s
bge.un.s
bne.un.s
blt.s
ble.s
bgt.s
bge.s
beq.s
brtrue.s
brfalse.s
br.s
ret
calli
call
jmp
pop
dup
ldc.r8
ldc.r4
ldc.i8
ldc.i4
ldc.i4.s
ldc.i4.8
ldc.i4.7
ldc.i4.6
ldc.i4.5
ldc.i4.4
ldc.i4.3
ldc.i4.2
ldc.i4.1
ldc.i4.0
ldc.i4.m1
ldnull
stloc.s
ldloca.s
ldloc.s
starg.s
ldarga.s
ldarg.s
stloc.3
stloc.2
stloc.1
stloc.0
ldloc.3
ldloc.2
ldloc.1
ldloc.0
ldarg.3
ldarg.2
ldarg.1
ldarg.0
break
nop
::
MethodBuilder [
Method '{0}.{1}' does not have a method body.
Method '{0}' override '{1}' but it is not virtual
Label not marked
The type is not yet created.
' does not have a method body.
Method '
']
ConstructorBuilder ['
parameterTypes
Elements of the parameterTypes array cannot be null
The invoked member is not supported in a dynamic module.
typeof (
 = 
)]
.cctor
.ctor
No properties provided
match
_HashForControl
_HashAlgorithmForControl
The public key is not valid.
, Retargetable=Yes
, PublicKeyToken=
, PublicKeyToken=null
neutral
, Culture=
, Version=
_CultureInfo
_Flags
_VersionCompatibility
_StrongNameKeyPair
_HashAlgorithm
_PublicKeyToken
_PublicKey
_Version
_CodeBase
_Name
Name can't be empty
Name cannot be empty
Ambiguous matching in method resolution
Two arrays must have the same number of dimensions.
Number overflow.
Out of memory.
<unknown>
OSX
XBox
Unix
Microsoft Windows CE
Microsoft Windows 98
Microsoft Win32S
Microsoft Windows NT
_servicePack
_version
_platform
version
ObjectName
The object was used after being disposed.
' is invalid
The specified format '
A null value was found where an object instance was required.
Operation is not supported.
The requested feature is not implemented.
This operation cannot be performed with the specified delagates.
Cannot find variable 
Only the field value can be specified to set a field value.
providedArgs
Used Missing.Value for argument without default value
Cannot find method 
 has some invalid parameter.
The best match for method 
Constructor on type '
Must specify binding flags describing the invoke operation required.
namedParameters cannot be more than named arguments in number
Cannot specify Set on a property and Invoke on a method.
Cannot specify Set on a field and Invoke on a method.
Cannot specify both Get and Set on a property.
Cannot specify both Get and Set on a field.
bindingFlags
Duplicate AttributeUsageAttribute cannot be specified on an attribute type.
'{0}' has more than one attribute of type '{1}
Method not found: '{0}.{1}'.
Cannot find the requested method.
Member {0}.{1} not found.
MMSignature
MMMemberName
MMClassName
Cannot find the requested class member.
Field '{0}.{1}' not found.
Cannot find requested field.
Attempt to access a private/protected method failed.
Cannot access a class member.
Value is too small.
The current position is at the end of the capacity of the stream
The buffer parameter is a null reference
Stream does not support writing.
Unable to expand length of this stream beyond its capacity.
Invalid SeekOrigin option
An attempt was made to seek before the beginning of the stream
The length of the buffer array minus the offset parameter is less than the count parameter
The position is larger than Int32.MaxValue.
The stream is closed
index + count > dest_buffer.Length
dest_buffer
writer is null
reader is null
Cannot read from a closed StringReader
StringReader
StreamWriter
Can not write to stream
index + count > buffer.Length
Cannot read from a closed StreamReader
StreamReader
Cannot read stream
stream
The minimum size of the buffer must be positive
encoding
path contains invalid characters
Empty path not allowed
EndWrite already called.
EndRead already called.
Pathname is longer than the maximum length
..
The specified path is not of a legal form.
\\
UNC paths should be of the form \\server\share.
The specified path is not of a legal form (empty).
Argument string consists of whitespace characters only.
Invalid path
path2
path1
Win32 IO returned {0}. Path: {1}
Source and destination are not on the same device
Path {0} is a directory
Encryption failed
Directory {0} is not empty
Disk full. Path {0}
Lock violation on path {0}
Sharing violation on path {0}
Write fault on path {0}
Invalid parameter
Path is too long. Path: {0}
Could not create file "{0}". File already exists.
Could not find the drive  '{0}'. The drive might not be ready or might not be mapped.
Invalid handle to path "{0}"
Access to the path "{0}" is denied.
Could not find a part of the path "{0}"
Too many open files
Could not find file "{0}"
Cannot create a file that already exist.
Access to the path is denied.
Cannot write to this stream.
Cannot write to this MemoryStream
Expanding this MemoryStream is not supported
loc
Attempted to seek before start of MemoryStream.
Offset out of range. 
The size of the buffer is less than offset + count.
offset+count
offset or count less than zero.
Position must be non-negative and less than 2^31 - 1 - origin
Position cannot be negative
New capacity cannot be negative or less than the current capacity 
Cannot expand this MemoryStream
MemoryStream
The size of the buffer is less than index + count.
index+count
index or count is less than 0.
buffer
An Isolated storage operation failed.
I/O Error
Illegal characters in path.
An empty file name is not valid.
OriginalPath
FullPath
value is less than 0
The stream does not support writing
Can't seek back over pre-existing data in append mode
Attempted to Seek before the beginning of the stream
Invalid SeekOrigin
origin
array too small. numBytes/offset wrong.
This stream does not support writing
Invalid IAsyncResult
asyncResult
Buffer too small. numBytes/offset wrong.
Must be >= 0
numBytes
This stream does not support reading
Reading would overrun buffer
destination offset is beyond array size
offset
Stream does not support writing
Stream does not support reading
Attempt to set the position to a negative value
The stream does not support seeking
Stream has been closed
Could not find file "{0}".
Combining FileMode: {0} with FileAccess: {1} is invalid.
Append access can be requested only in write-only mode.
Access to the path '{0}' is denied.
Name has invalid chars
Enum value for FileShare was out of legal range.
Enum value for FileAccess was out of legal range.
Enum value was out of legal range.
mode
bufferSize
Invalid handle.
access
Invalid.
handle
[Unknown]
 ---> {0}
File name: '{0}'
: {0}
Could not load file or assembly '{0}' or one of its dependencies. The system cannot find the file specified.
FileNotFound_FusionLog
FileNotFound_FileName
Unable to find the specified file.
Could not find a part of the path "{0}".
{0} is a directory
Failed to read past end of stream.
Directory not found
Path is invalid
searchPattern
Pattern is invalid
' not found.
Directory '
pattern
Pattern contains invalid characters
Path contains invalid characters
The Path does not have a valid format
Only ':' In path
 because a file with the same name already exists.
Cannot create 
Only blank characters in path
Path contains invalid chars
Path is empty
path
Invalid binary file (string len < 0)
Too many bytes in what should have been a 7 bit encoded Int32.
buffer is too small
count is less than 0
index is less than 0
buffer is null
Stream is invalid
Cannot read from a closed BinaryReader.
BinaryReader
The stream doesn't support reading.
Input or Encoding is a null reference.
Operation is not valid due to the current state of the object
Cannot cast from source type to destination type.
 s.Length = 
Input string was not in the correct format: Did not parse entire string. pos = 
Input string was not in the correct format: No room for close parens.
Input string was not in the correct format: no space between number and currency symbol.
Input string was not in the correct format: nDigits == 0.
Input string was not in the correct format: Has Positive Sign.
Input string was not in the correct format: Has Negative Sign.
Input string was not in the correct format: s.Length==0.
Value is not a System.Int64
Input string was not in the correct format
Not a valid number style
With AllowHexSpecifier only AllowLeadingWhite and AllowTrailingWhite are permitted.
Value is not a System.Int32
Value too large or too small.
Value is too large
Value is not a System.Int16
Array index is out of range.
Argument to Guid.ToString(string format) should be "b", "B", "d", "D", "n", "N", "p" or "P"
d
n
p
b
Argument of System.Guid.CompareTo should be a Guid.
Array should be exactly {0} bytes long.
Value cannot be null.
str
TextInfo - 
SortKey - 
sortkey2
sortkey1
The current instance is read-only and a set operation was attempted
The value specified for the property is less than 0 or greater than 15
9
8
7
6
5
4
3
2
+
Infinity
‰
%
-
-Infinity
NaN
$
#
A.D.
AD
h:mm tt
H:mm
hh:mm tt
yyyy'-'MM'-'dd'T'HH':'mm':'ss.fffffffK
era
Sa
Fr
Th
We
Tu
Mo
Su
December
November
October
September
August
July
June
April
March
February
January
Dec
Nov
Oct
Sep
Aug
Jul
Jun
May
Apr
Mar
Feb
Jan
Saturday
Friday
Thursday
Wednesday
Tuesday
Monday
Sunday
Sat
Fri
Thu
Wed
Tue
Mon
Sun
An array with exactly 7 elements is needed
An array with exactly 13 elements is needed
yyyy'-'MM'-'dd HH':'mm':'ss'Z'
yyyy'-'MM'-'dd'T'HH':'mm':'ss
ddd, dd MMM yyyy HH':'mm':'ss 'GMT'
dddd, dd MMMM yyyy HH:mm:ss
yyyy MMMM
MMMM dd
HH:mm:ss
HH:mm
dddd, dd MMMM yyyy
MM/dd/yyyy
PM
AM
en_US_POSIX
iv
IVL
Invariant Language (Invariant Country)
zh-cht
zh-chs
zh-hant
zh-hans
DateTimeFormat
NumberFormat
" is a neutral culture. It can not be used in formatting and parsing and therefore cannot be set as the thread's current culture.
Culture "
This instance is read only
 is not supported.
Culture name 
name
Culture ID {0} (0x{0:X4}) is not a supported culture.
Positive number required.
CompareInfo - 
suffix
prefix
source
Now allowed CompareOptions.
Length2 is greater than the number of characters from offset2 to the end of string2
Length1 is greater than the number of characters from offset1 to the end of string1
Offset2 is greater than or equal to the length of string2
Offset1 is greater than or equal to the length of string1
Offsets and lengths must not be less than zero
options
MONO_DISABLE_MANAGED_COLLATION
Internal: M_EraNames not initialized!
This Calendar is read-only.
Invalid format.
Attempt to access a private/protected field failed.
Internal error occurred.
 (
[
  --- End of inner exception stack trace ---
 ---> 
: 
ExceptionMethod
in {0}:{1} 
 [0x{0:x5}] 
 <0x{0:x5}> 
<0x{0:x5}> {1}
  {0} 
{0}  {1} 
Exception of type '{0}' was thrown.
Data
InnerException
Source
HResult
RemoteStackIndex
RemoteStackTraceString
StackTraceString
HelpURL
Message
ClassName
Invalid SpecialFolder
/usr/share
Pictures
XDG_PICTURES_DIR
Music
XDG_MUSIC_DIR
Desktop
XDG_DESKTOP_DIR
.config
XDG_CONFIG_HOME
share
.local
XDG_DATA_HOME
/
$HOME/
user-dirs.dirs
Format String can be only "G","g","X","x","F","f","D" or "d".
Enum underlying type and the object must be the same type or object. Type passed in was {0}; the enum underlying type was {1}.
Invalid type code for enumeration.
x16
X16
x8
X8
x4
X4
x2
Object must be the same type as the enum. The type passed in was {0}; the enum type was {1}.
The requested value '{0}' was not found.
The requested value was not found.
An empty string is not considered a valid value.
typeCode is not a valid type code for an Enum
The value parameter is not the correct type.It must be type String or the same type as the underlying typeof the Enum.
enumType is not an Enum type.
enumType
Cannot load class because of missing entry method.
Unknown char
Unknown char: 
How did this happen?
AllowHexSpecifier
Double doesn't support parsing with '{0}'.
Value is not a System.Double
DLL not found.
Division by zero
 {0}
 ByRef
(
{0}.{1}
   {0} 
 in {0}:line {1}
at
{0}   {1} 
skipFrames
e
:{0}:{1}
 in file:line:column 
offset 
<unknown offset>
 at 
<unknown method>
<filename unknown>
Unexpected proxy type.
Delegate
Incompatible Delegate Types.
target
'.
Couldn't bind to method '
type is not subclass of MulticastDelegate.
method arguments are incompatible
method argument length mismatch
method return type is incompatible
Invoke
type is not a subclass of Multicastdelegate
method
79228162514264337593543950335
Error in System.Decimal.Parse
Decimal.TryParse does not accept AllowHexSpecifier
Closing Parentheses not found
No digits found
Invalid exponent
Invalid character at position {0}
Value is not a System.Decimal
)
Overflow on subtracting decimal numbers (
Overflow on adding decimal number
Value {0} is greater than Decimal.MaxValue or less than Decimal.MinValue
scale must be between 0 and 28
\ at end of date time string
%% in date string
% at end of date time string
00
Invalid Format String
Un-ended quote
 zzz
OffsetMinutes
DateTime
The UtcDateTime property is earlier than MinValue or later than MaxValue.
offset is less than -14 hours or greater than 14 hours.
offset is not specified in whole minutes.
dateTime.Kind equals Local and offset does not equal the offset of the system's local time zone.
dateTime.Kind equals Utc and offset does not equal zero.
The UTC date and time that results from applying the offset is earlier than MinValue or later than MaxValue.
format is not one of the format specifier characters defined for DateTimeFormatInfo
G
Invalid format string
The DateTimeStyles values AssumeLocal and AssumeUniversal cannot be used together.
style
The DateTimeStyles value RoundtripKind cannot be used with the values AssumeLocal, Asersal or AdjustToUniversal.
Format specifier was invalid.
formats
format
GMT
:
Order of month, year and date defined by {0} is not supported
Order of date, year and month defined by {0} is not supported
Order of year, month and date is not defined by {0}
Order of month and date is not defined by {0}
String was not recognized as a valid DateTime.
kind
Invalid DateTimeKind value.
Value is not a System.DateTime
MMM/yy
d/MMMM
yyyy/MMMM
d/MMM
MMMM/d
d/MMM/yy
MMMM/d/yy
MMM/d/yy
d/yy/MMM
yy/MMM/d
d/MMMM/yy
MMM/yy/d
yy/d/MMM
yy/MMMM/d
d/yyyy/MMM
MMMM/yyyy/d
d/MMM/yyyy
MMMM/d/yyyy
yyyy/d/MMM
yyyy/MMMM/d
yy/d/M
MMM/yyyy/d
d/yyyy/MMMM
MMM/d/yyyy
d/MMMM/yyyy
yyyy/MMM/d
yyyy/d/MMMM
yyyy'年'M'月'd'日
M/yyyy/dT
yyyy/M/dT
H'時'm'分's'秒'
H tt
H:m
H:mzzz
H:m:s
H:m:szzz
H:m:s tt zzz
H:m:s.fffffff
H:m:s.fffffffzzz
Parameters describe an unrepresentable DateTime.
ticks
Value {0} is outside the valid range [{1},{2}].
Can't get timezone data for 
 is not in a range between 1 and 9999.
year
Can't get timezone name.
 to 
Value is not a convertible object: 
Cannot cast to DBNull, it's not IConvertible
Cannot cast to destination type.
Null object can not be converted to a value type.
conversionType
Value is less than UInt64.MinValue
Value is greater than UInt64.MaxValue or less than UInt64.MinValue
Value is greater than UInt32.MaxValue
Value is less than UInt32.MinValue
Value is greater than UInt32.MaxValue or less than UInt32.MinValue
Value is greater than UInt16.MaxValue
Value is less than UInt16.MinValue
Value is greater than UInt16.MaxValue or less than UInt16.MinValue
Value is greater than SByte.MaxValue or less than SByte.Minalue
Value is greater than SByte.MaxValue or less than SByte.MinValue
Value is greater than SByte.MaxValue
Value is greater than Int64.MaxValue
Value is greater than Int64.MaxValue or less than Int64.MinValue
Value is greater than Int32.MaxValue
Value is greater than Int32.MaxValue or less than Int32.MinValue
Value is greater than Int16.MaxValue or less than Int16.MinValue
Value is greater than Int16.MaxValue
Value is greater than Char.MaxValue
Value is less than Char.MinValue
This conversion is not supported.
Value is greater than Char.MaxValue or less than Char.MinValue
Value is less than Byte.MinValue
Value is equal to Single.NaN, Single.PositiveInfinity, or Single.NegativeInfinity
Value is greater than Byte.MaxValue or less than Byte.Minalue
Value is equal to Double.NaN, Double.PositiveInfinity, or Double.NegativeInfinity
Value is greater than Byte.MaxValue or less than Byte.MinValue
Value is greater than Byte.MaxValue
offset + length > array.Length
offset < 0 || length < 0
inArray
initialCapacity
col
 is not a supported mode.
SortedList.Enumerator: snapshot out of sync.
]
) at [
SortedList::internal error (
Key '{0}' already exists in list.
index out of range
Not enough space in array from arrayIndex to end of array
arrayIndex is greater than or equal to array.Length
array is multi-dimensional
capacity too small
Key not found and SortedList is fixed size.
SortedList is Read Only.
ParentTable
not enough space
should never happen
Hashtable.Enumerator: snapshot out of sync.
Key duplication when adding: 
table
Keys and values of uneven size
equalityComparer
Values
Keys
HashSize
HashCodeProvider
Comparer
KeyComparer
Version
LoadFactor
Not enough room from arrayIndex to end of array for this Hashtable
arrayIndex is equal to or greater than array.Length
array is multidimensional
arrayIndex
null key
key
dictionary
Size is too big
load factor
loadFactor
negative capacity
The given key was not present in the dictionary.
CompareInfo
Neither 'a' nor 'b' implements IComparable.
CollectionBase.OnValidate: Invalid parameter value passed to method: null
The element cannot be found.
obj
Enum Ended
Enum not started
Unsupported type
index is greater than array.Length
Array rank must be 1
bits
Enumerator ended
Enumerator not started
List has changed.
Can't modify a readonly list.
Can't add or remove from a fixed-size list.
list
Must have only 1 dimensions.
Less than 0 or more than list count.
Index must be >= 0 and <= Count.
Start index and count do not specify a valid range.
Can't be less than 0.
Does not specify valid index.
Must be more than count.
Capacity
Index is less than 0 or more than or equal to the list count.
The initial capacity can't be smaller than zero.
capacity
c
The position is not valid.
culture
s contains more than one character.
The value of index is less than zero, or greater than or equal to the length of s.
s
Value is not a System.Char
Value too large.
Value is not a System.Byte.
Offset and length were out of bounds for the array or count is greater than the number of elements from index to the end of the source collection.
count
dstOffset
Non-negative number required.
srcOffset
dst
src
Object must be an array of primitives.
Value is not equivalent to either TrueString or FalseString.
Object is not a Boolean.
targetType
True
False
startIndex + length > value.Length
Value must be positive.
byteArray
Destination array is not long enough to copy all the items in the collection. Check array index and length.
Index was out of range. Must be non-negative and less than the size of the collection.
startIndex
Element is not a constructor, method, property, event, type or field.
Type is not derived from System.Attribute.
attributeType
element
Source array type cannot be assigned to destination array type.
Enumeration has already ended
Enumeration has not started.
Destination array was not long enough. Check destIndex and length, and the array's lower bounds.
The comparer threw an exception.
keys
Must be in the Int32 range.
(Types: source={0};  target={1})
Destination array was not long enough. Check destIndex and length, and the array's lower bounds
destinationIndex
sourceIndex
destinationArray
sourceArray
index + length > size
index < lower bound
length < 0
Comparer threw an exception.
value does not support IComparable
index and length do not specify a valid range in array.
Value has to be >= 0.
length
index is less than the lower bound of array.
comparer is null and value does not support IComparable.
value does not support IComparable.
array
indices
Each value has to be >= 0 and <= Int32.MaxValue.
values
Length + bound must not exceed Int32.MaxValue.
Each value has to be >= 0.
Arrays must be of same size.
Arrays must contain >= 1 elements.
lowerBounds
Array type can not be an open generic type
Array type can not be void
Type must be a type provided by the runtime.
lengths
elementType
Index has to be >= lower bound and <= upper bound of the array.
index3
index2
index1
Value must be >= 0 and <= Int32.MaxValue.
Index has to be between upper and lower bound of the array.
Array was not a one-dimensional array.
Collection is read-only
Only single dimension arrays are supported.
index
Overflow or underflow in the arithmetic operation.
ActualValue
Argument is out of range.
Argument cannot be null.
Parameter name: 
ParamName
Value does not fall within the expected range.
ArgIterator does not support Equals.
An application exception has occurred.
assemblyString cannot have zero length
assemblyString
Cannot create an abstract class '{0}'.
CreateInstance cannot be used to create this type ({0}).
.ctor() of 
Default constructor not found.
Type '{0}' doesn't derive from MarshalByRefObject.
No constructor found for {0}::.ctor({1})
(unknown)
type
 is an open generic type
info
Attempted to read or write protected memory. This is often an indication that other memory has been corrupted.
{0}. At ({1},{2})
'--' is not allowed inside comment markup.
xml:space
Invalid attribute value markup.
General non-predefined entity reference is not supported in this parser.
gt
lt
apos
quot
amp
End tag mismatch: expected {0} but found {1}
?
This parser does not support document type.
Invalid declaration markup.
DOCTYPE
Invalid declaration markup
CDATA
Insufficient close tag: {0}
Valid XML name is expected.
XML name start character is expected.
Expected '{0}' but got {1}
Whitespace is expected.
,
Unexpected end of stream. Element stack content is {0}
Invalid extensions format
  
   
Invalid X.509 extension.
-----END {0}-----
-----BEGIN {0}-----
raw
Missing key algorithm parameters.
Input data cannot be coded as a valid certificate.
CERTIFICATE
"
 
=
OID.
I=
G=
SN=
T=
dnQualifier=
E=
UID=
DC=
STREET=
S=
L=
CN=
OU=
O=
C=
, 
invalid attribute value id
1.2.840.113549.1.9.21
1.2.840.113549.1.9.20
invalid attribute id
invalid PKCS12 attributes id
invalid safeBag attributes id
unknown safeBag oid
unsupport certificate type
1.2.840.113549.1.9.22.1
1.2.840.113549.1.12.10.1.6
1.2.840.113549.1.12.10.1.5
1.2.840.113549.1.12.10.1.4
1.2.840.113549.1.12.10.1.2
1.2.840.113549.1.12.10.1.1
invalid safeBag id
invalid safeBag
Unknown private key format
unknown oid 
TripleDES
RC4
RC2
MD5
DES
MD2
1.2.840.113549.1.12.1.6
1.2.840.113549.1.12.1.5
1.2.840.113549.1.12.1.4
1.2.840.113549.1.12.1.3
1.2.840.113549.1.12.1.2
1.2.840.113549.1.12.1.1
1.2.840.113549.1.5.11
1.2.840.113549.1.5.10
1.2.840.113549.1.5.6
1.2.840.113549.1.5.4
1.2.840.113549.1.5.3
1.2.840.113549.1.5.1
1.2.840.113549.1.12.10.1.3
unknown authenticatedSafe
public key encrypted
1.2.840.113549.1.7.3
1.2.840.113549.1.7.6
Invalid MAC - file may have been tampered!
invalid MAC iteration
missing MAC salt
unsupported HMAC
1.3.14.3.2.26
invalid MAC
invalid authenticated safe
1.2.840.113549.1.7.1
invalid PFX version
invalid data
SHA1
missing EncryptedContentInfo.EncryptedContent
missing EncryptedContentInfo.ContentEncryptionAlgorithmIdentifier
missing EncryptedContentInfo.ContentType
missing EncryptedContentInfo
Invalid version
Invalid EncryptedData
Invalid content
Invalid contentType
Invalid ASN1
invalid block length
 Error found at position {0}.
 Invalid length {0}.
Bad {0} padding.
Invalid input block size.
outputOffset
outputBuffer
Object is disposed
Overflow
inputCount
< 0
inputOffset
inputBuffer
CTS isn't supported by the framework
OFB isn't supported by the framework
Unkown CipherMode
IV is too small ({0} bytes), it should be {1} bytes long.
</RSAKeyValue>
</D>
<D>
</InverseQ>
<InverseQ>
</DQ>
<DQ>
</DP>
<DP>
</Q>
<Q>
</P>
<P>
</Exponent>
<Exponent>
</Modulus>
<Modulus>
<RSAKeyValue>
Private/public key mismatch
Missing Modulus
Missing Exponent
Missing private key
public key
Missing private key to decrypt value.
private key
not enough key parameters
missing version
invalid private key format
missing algorithm OID
invalid version
invalid PrivateKeyInfo
invalid EncryptedData
invalid iterationCount
invalid salt
invalid parameters
invalid algorithm
invalid encryptionAlgorithm
invalid EncryptedPrivateKeyInfo
bad hash length for 
message too long
>{1}		{0}{1}	</KeyValue>{1}</KeyPair>{1}
 Id="{0}" 
Name="{0}" />{1}	</Properties>{1}	<KeyValue
Type="{0}" />{1}		<Container 
Name="{0}" 
<KeyPair>{0}	<Properties>{0}		<Provider 
KeyValue
KeyPair
default
Improperly protected machine's key pairs in '{0}'.
Could not create machine key store '{0}'.
Improperly protected user's key pairs in '{0}'.
Could not create user key store '{0}'.
keypairs
.mono
[{0}][{1}][{2}].xml
parameters
couldn't compute signature verification
invalid signature length
rgbSignature
no private key available for signature
invalid hash length
rgbHash
Missing both public (Y) and private (X) keys.
Missing mandatory DSA parameters (P, Q or G).
no private key to export
Keypair was disposed
rsa
Invalid blob.
Invalid blob header
blob is too small.
blob
yyyyMMddHHmmsszzz
{0}{1}{2}{3}{4}:{5}{6}
yyyyMMddHHmmssZ
20
19
yyMMddHHmmZ
time
.
Only integer can be converted
asn1
oid
{0} 
Value: 
Length: {0} {1}
X2
Tag: {0} {1}
Undefined length encoding.
confidence
The Rabin-Miller test can not be executed in a way such that its results are provable
x out of range
No inverse!
bi2 out of range
bi1 out of range
Operation would return a negative value
value
1
0
radix
There is no such thing as radix one notation
characterSet
charSet length less than radix
0123456789ABCDEFGHIJKLMNOPQRSTUVWXYZ
bitNum out of range
CompareInfo Internal Error: Should not happen. '{0}' {2} {3} '{1}' {4} {5}
CompareInfo Internal Error: Should not happen. {0} {1} {2} {3} {4} {5}
MONO internal error. Failed to get TailContraction. start = {0} end = {1} string = '{2}'
yes
MONO_COLLATION_QUICK_CHECK_DISABLED
collation.cjkKOlv2.bin
collation.{0}.bin
cjkKO
cjkJA
cjkCHT
cjkCHS
ko
ja
zh-CHT
zh-CHS
Mono INTERNAL ERROR (Should not happen): Collation tailoring table is broken for culture {0} ({1}) at 0x{2:X}
collation.tailoring.bin
collation.core.bin
